12:00:29 2023-08-09 [INFO] Executing command /home/irisowner/irissys/startISCAgent.sh 2188...
12:00:29 2023-08-09 [INFO] Writing status to file: /home/irisowner/irissys/iscagent.status
Reading configuration from file: /home/irisowner/irissys/iscagent.conf
ISCAgent[16]: Starting
ISCAgent[18]: Starting ApplicationServer on *:2188

12:00:29 2023-08-09 [INFO] ...executed command /home/irisowner/irissys/startISCAgent.sh 2188
12:00:29 2023-08-09 [INFO] Starting InterSystems IRIS instance IRIS...
12:00:34 2023-08-09 [INFO] Starting Control Process
Global buffer setting requires attention.  Auto-selected 25% of total memory.
Allocated 5053MB shared memory
3996MB global buffers, 399MB routine buffers
This copy of InterSystems IRIS has been licensed for use exclusively by:
InterSystems IRIS Community
Copyright (c) 1986-2023 by InterSystems Corporation
Any other use is a violation of your license agreement

1 alert(s) during startup. See messages.log for details.
Starting IRIS


12:00:34 2023-08-09 [INFO] ...started InterSystems IRIS instance IRIS
12:11:12 2023-08-09 [INFO] Shutting down InterSystems IRIS instance IRIS...
12:11:21 2023-08-09 [INFO] Verifying InterSystems IRIS instance IRIS is down...
12:11:21 2023-08-09 [INFO] IRIS^/usr/irissys^2023.1.1.380.0com^down, last used Wed Aug  9 12:11:17 2023^iris.cpf^1972^52773^0^^IRIS^^^/usr/irissys

12:11:21 2023-08-09 [INFO] ...verified that InterSystems IRIS instance IRIS is down
12:16:26 2023-08-09 [INFO] Executing command /home/irisowner/irissys/startISCAgent.sh 2188...
12:16:26 2023-08-09 [INFO] Writing status to file: /home/irisowner/irissys/iscagent.status
Reading configuration from file: /home/irisowner/irissys/iscagent.conf
ISCAgent[17]: Starting
ISCAgent[19]: Starting ApplicationServer on *:2188

12:16:26 2023-08-09 [INFO] ...executed command /home/irisowner/irissys/startISCAgent.sh 2188
12:16:26 2023-08-09 [INFO] Starting InterSystems IRIS instance IRIS...
12:16:31 2023-08-09 [INFO] Starting Control Process
Global buffer setting requires attention.  Auto-selected 25% of total memory.
Allocated 5053MB shared memory
3996MB global buffers, 399MB routine buffers
This copy of InterSystems IRIS has been licensed for use exclusively by:
InterSystems IRIS Community
Copyright (c) 1986-2023 by InterSystems Corporation
Any other use is a violation of your license agreement

1 alert(s) during startup. See messages.log for details.
Starting IRIS


12:16:31 2023-08-09 [INFO] ...started InterSystems IRIS instance IRIS
12:17:51 2023-08-09 [INFO] Shutting down InterSystems IRIS instance IRIS...
12:17:59 2023-08-09 [INFO] Verifying InterSystems IRIS instance IRIS is down...
12:17:59 2023-08-09 [INFO] IRIS^/usr/irissys^2023.1.1.380.0com^down, last used Wed Aug  9 12:17:56 2023^iris.cpf^1972^52773^0^^IRIS^^^/usr/irissys

12:17:59 2023-08-09 [INFO] ...verified that InterSystems IRIS instance IRIS is down
12:19:51 2023-08-09 [INFO] Executing command /home/irisowner/irissys/startISCAgent.sh 2188...
12:19:51 2023-08-09 [INFO] Writing status to file: /home/irisowner/irissys/iscagent.status
Reading configuration from file: /home/irisowner/irissys/iscagent.conf
ISCAgent[17]: Starting
ISCAgent[19]: Starting ApplicationServer on *:2188

12:19:52 2023-08-09 [INFO] ...executed command /home/irisowner/irissys/startISCAgent.sh 2188
12:19:52 2023-08-09 [INFO] Starting InterSystems IRIS instance IRIS...
12:19:56 2023-08-09 [INFO] Starting Control Process
Global buffer setting requires attention.  Auto-selected 25% of total memory.
Allocated 5053MB shared memory
3996MB global buffers, 399MB routine buffers
This copy of InterSystems IRIS has been licensed for use exclusively by:
InterSystems IRIS Community
Copyright (c) 1986-2023 by InterSystems Corporation
Any other use is a violation of your license agreement

1 alert(s) during startup. See messages.log for details.
Starting IRIS


12:19:56 2023-08-09 [INFO] ...started InterSystems IRIS instance IRIS
12:20:23 2023-08-09 [INFO] Shutting down InterSystems IRIS instance IRIS...
12:20:31 2023-08-09 [INFO] Verifying InterSystems IRIS instance IRIS is down...
12:20:31 2023-08-09 [INFO] IRIS^/usr/irissys^2023.1.1.380.0com^down, last used Wed Aug  9 12:20:28 2023^iris.cpf^1972^52773^0^^IRIS^^^/usr/irissys

12:20:31 2023-08-09 [INFO] ...verified that InterSystems IRIS instance IRIS is down
12:22:43 2023-08-09 [INFO] Executing command /home/irisowner/irissys/startISCAgent.sh 2188...
12:22:44 2023-08-09 [INFO] Writing status to file: /home/irisowner/irissys/iscagent.status
Reading configuration from file: /home/irisowner/irissys/iscagent.conf
ISCAgent[18]: Starting
ISCAgent[19]: Starting ApplicationServer on *:2188

12:22:44 2023-08-09 [INFO] ...executed command /home/irisowner/irissys/startISCAgent.sh 2188
12:22:44 2023-08-09 [INFO] Starting InterSystems IRIS instance IRIS...
12:22:48 2023-08-09 [INFO] Starting Control Process
Global buffer setting requires attention.  Auto-selected 25% of total memory.
Allocated 5053MB shared memory
3996MB global buffers, 399MB routine buffers
This copy of InterSystems IRIS has been licensed for use exclusively by:
InterSystems IRIS Community
Copyright (c) 1986-2023 by InterSystems Corporation
Any other use is a violation of your license agreement

1 alert(s) during startup. See messages.log for details.
Starting IRIS


12:22:48 2023-08-09 [INFO] ...started InterSystems IRIS instance IRIS
12:26:06 2023-08-09 [INFO] Shutting down InterSystems IRIS instance IRIS...
12:26:15 2023-08-09 [INFO] Verifying InterSystems IRIS instance IRIS is down...
12:26:15 2023-08-09 [INFO] IRIS^/usr/irissys^2023.1.1.380.0com^down, last used Wed Aug  9 12:26:11 2023^iris.cpf^1972^52773^0^^IRIS^^^/usr/irissys

12:26:15 2023-08-09 [INFO] ...verified that InterSystems IRIS instance IRIS is down
12:26:20 2023-08-09 [INFO] Executing command /home/irisowner/irissys/startISCAgent.sh 2188...
12:26:20 2023-08-09 [INFO] Writing status to file: /home/irisowner/irissys/iscagent.status
Reading configuration from file: /home/irisowner/irissys/iscagent.conf
ISCAgent[17]: Starting
ISCAgent[19]: Starting ApplicationServer on *:2188

12:26:20 2023-08-09 [INFO] ...executed command /home/irisowner/irissys/startISCAgent.sh 2188
12:26:20 2023-08-09 [INFO] Starting InterSystems IRIS instance IRIS...
12:27:23 2023-08-09 [INFO] Executing command /home/irisowner/irissys/startISCAgent.sh 2188...
12:27:23 2023-08-09 [INFO] Writing status to file: /home/irisowner/irissys/iscagent.status
Reading configuration from file: /home/irisowner/irissys/iscagent.conf
ISCAgent[17]: Starting
ISCAgent[19]: Starting ApplicationServer on *:2188

12:27:23 2023-08-09 [INFO] ...executed command /home/irisowner/irissys/startISCAgent.sh 2188
12:27:23 2023-08-09 [INFO] Starting InterSystems IRIS instance IRIS...
12:27:28 2023-08-09 [INFO] Starting Control Process
Global buffer setting requires attention.  Auto-selected 25% of total memory.
Allocated 5053MB shared memory
3996MB global buffers, 399MB routine buffers
This copy of InterSystems IRIS has been licensed for use exclusively by:
InterSystems IRIS Community
Copyright (c) 1986-2023 by InterSystems Corporation
Any other use is a violation of your license agreement

1 alert(s) during startup. See messages.log for details.
Starting IRIS


12:27:28 2023-08-09 [INFO] ...started InterSystems IRIS instance IRIS
12:29:14 2023-08-09 [INFO] Shutting down InterSystems IRIS instance IRIS...
12:29:23 2023-08-09 [INFO] Verifying InterSystems IRIS instance IRIS is down...
12:29:23 2023-08-09 [INFO] IRIS^/usr/irissys^2023.1.1.380.0com^down, last used Wed Aug  9 12:29:19 2023^iris.cpf^1972^52773^0^^IRIS^^^/usr/irissys

12:29:23 2023-08-09 [INFO] ...verified that InterSystems IRIS instance IRIS is down
